<?xml version="1.0" encoding="UTF-8"?>
<!-- Generated by org.testng.reporters.JUnitXMLReporter -->
<testsuite ignored="2" hostname="mdotottsws111" failures="0" tests="1" name="Parameter Test ten" time="0.191" errors="0" timestamp="2023-02-15T08:49:48 EST">
  <testcase classname="KeywordDriverUtil.KeywordTestNG" name="ExecuteTest1" time="0.059"/>
  <testcase classname="KeywordDriverUtil.KeywordTestNG" name="ExecuteTest2" time="0.0">
    <ignored/>
  </testcase> <!-- ExecuteTest2 -->
  <testcase classname="KeywordDriverUtil.KeywordTestNG" name="ExecuteTest3" time="0.0">
    <ignored/>
  </testcase> <!-- ExecuteTest3 -->
</testsuite> <!-- Parameter Test ten -->
